<?xml version="1.0" encoding="UTF-8"?>
<coverage generated="1680726215197" clover="3.2.0">
  <project timestamp="1680726215197" name="All files">
    <metrics statements="51" coveredstatements="51" conditionals="19" coveredconditionals="19" methods="6" coveredmethods="6" elements="76" coveredelements="76" complexity="0" loc="51" ncloc="51" packages="1" files="1" classes="1"/>
    <file name="index.ts" path="/Users/marcusvinicius/Estudos/software-development/branas-io/courses/ccca/project/src/index.ts">
      <metrics statements="51" coveredstatements="51" conditionals="19" coveredconditionals="19" methods="6" coveredmethods="6"/>
      <line num="1" count="1" type="stmt"/>
      <line num="2" count="1" type="stmt"/>
      <line num="3" count="1" type="stmt"/>
      <line num="4" count="1" type="cond" truecount="1" falsecount="0"/>
      <line num="5" count="12" type="cond" truecount="1" falsecount="0"/>
      <line num="6" count="1" type="stmt"/>
      <line num="7" count="1" type="cond" truecount="1" falsecount="0"/>
      <line num="8" count="12" type="cond" truecount="1" falsecount="0"/>
      <line num="9" count="1" type="stmt"/>
      <line num="10" count="1" type="cond" truecount="1" falsecount="0"/>
      <line num="11" count="12" type="cond" truecount="1" falsecount="0"/>
      <line num="12" count="1" type="stmt"/>
      <line num="13" count="1" type="cond" truecount="1" falsecount="0"/>
      <line num="14" count="9" type="stmt"/>
      <line num="15" count="12" type="cond" truecount="1" falsecount="0"/>
      <line num="16" count="1" type="stmt"/>
      <line num="17" count="1" type="cond" truecount="1" falsecount="0"/>
      <line num="18" count="8" type="stmt"/>
      <line num="19" count="8" type="stmt"/>
      <line num="20" count="8" type="stmt"/>
      <line num="21" count="12" type="cond" truecount="1" falsecount="0"/>
      <line num="22" count="1" type="stmt"/>
      <line num="23" count="9" type="cond" truecount="1" falsecount="0"/>
      <line num="24" count="9" type="stmt"/>
      <line num="25" count="9" type="stmt"/>
      <line num="26" count="1" type="stmt"/>
      <line num="27" count="9" type="cond" truecount="1" falsecount="0"/>
      <line num="28" count="9" type="stmt"/>
      <line num="29" count="9" type="cond" truecount="1" falsecount="0"/>
      <line num="30" count="9" type="stmt"/>
      <line num="31" count="1" type="stmt"/>
      <line num="32" count="16" type="cond" truecount="1" falsecount="0"/>
      <line num="33" count="16" type="stmt"/>
      <line num="34" count="16" type="cond" truecount="1" falsecount="0"/>
      <line num="35" count="176" type="cond" truecount="1" falsecount="0"/>
      <line num="36" count="152" type="stmt"/>
      <line num="37" count="152" type="stmt"/>
      <line num="38" count="176" type="stmt"/>
      <line num="39" count="16" type="stmt"/>
      <line num="40" count="16" type="cond" truecount="2" falsecount="0"/>
      <line num="41" count="16" type="stmt"/>
      <line num="42" count="1" type="stmt"/>
      <line num="43" count="8" type="cond" truecount="1" falsecount="0"/>
      <line num="44" count="8" type="stmt"/>
      <line num="45" count="8" type="stmt"/>
      <line num="46" count="8" type="stmt"/>
      <line num="47" count="8" type="stmt"/>
      <line num="48" count="8" type="stmt"/>
      <line num="49" count="8" type="stmt"/>
      <line num="50" count="8" type="stmt"/>
      <line num="51" count="8" type="stmt"/>
    </file>
  </project>
</coverage>
