{"/Users/marcusvinicius/Estudos/software-development/branas-io/courses/ccca/project/src/index.ts": {"path":"/Users/marcusvinicius/Estudos/software-development/branas-io/courses/ccca/project/src/index.ts","all":false,"statementMap":{"0":{"start":{"line":1,"column":0},"end":{"line":1,"column":45}},"1":{"start":{"line":2,"column":0},"end":{"line":2,"column":65}},"2":{"start":{"line":3,"column":0},"end":{"line":3,"column":0}},"3":{"start":{"line":4,"column":0},"end":{"line":4,"column":45}},"4":{"start":{"line":5,"column":0},"end":{"line":5,"column":16}},"5":{"start":{"line":6,"column":0},"end":{"line":6,"column":50}},"6":{"start":{"line":7,"column":0},"end":{"line":7,"column":3}},"7":{"start":{"line":8,"column":0},"end":{"line":8,"column":35}},"8":{"start":{"line":9,"column":0},"end":{"line":9,"column":63}},"9":{"start":{"line":10,"column":0},"end":{"line":10,"column":3}},"10":{"start":{"line":11,"column":0},"end":{"line":11,"column":34}},"11":{"start":{"line":12,"column":0},"end":{"line":12,"column":76}},"12":{"start":{"line":13,"column":0},"end":{"line":13,"column":3}},"13":{"start":{"line":14,"column":0},"end":{"line":14,"column":35}},"14":{"start":{"line":15,"column":0},"end":{"line":15,"column":31}},"15":{"start":{"line":16,"column":0},"end":{"line":16,"column":16}},"16":{"start":{"line":17,"column":0},"end":{"line":17,"column":3}},"17":{"start":{"line":18,"column":0},"end":{"line":18,"column":60}},"18":{"start":{"line":19,"column":0},"end":{"line":19,"column":59}},"19":{"start":{"line":20,"column":0},"end":{"line":20,"column":65}},"20":{"start":{"line":21,"column":0},"end":{"line":21,"column":1}},"21":{"start":{"line":22,"column":0},"end":{"line":22,"column":0}},"22":{"start":{"line":23,"column":0},"end":{"line":23,"column":40}},"23":{"start":{"line":24,"column":0},"end":{"line":24,"column":31}},"24":{"start":{"line":25,"column":0},"end":{"line":25,"column":1}},"25":{"start":{"line":26,"column":0},"end":{"line":26,"column":0}},"26":{"start":{"line":27,"column":0},"end":{"line":27,"column":45}},"27":{"start":{"line":28,"column":0},"end":{"line":28,"column":26}},"28":{"start":{"line":29,"column":0},"end":{"line":29,"column":56}},"29":{"start":{"line":30,"column":0},"end":{"line":30,"column":1}},"30":{"start":{"line":31,"column":0},"end":{"line":31,"column":0}},"31":{"start":{"line":32,"column":0},"end":{"line":32,"column":60}},"32":{"start":{"line":33,"column":0},"end":{"line":33,"column":15}},"33":{"start":{"line":34,"column":0},"end":{"line":34,"column":28}},"34":{"start":{"line":35,"column":0},"end":{"line":35,"column":22}},"35":{"start":{"line":36,"column":0},"end":{"line":36,"column":39}},"36":{"start":{"line":37,"column":0},"end":{"line":37,"column":5}},"37":{"start":{"line":38,"column":0},"end":{"line":38,"column":3}},"38":{"start":{"line":39,"column":0},"end":{"line":39,"column":25}},"39":{"start":{"line":40,"column":0},"end":{"line":40,"column":33}},"40":{"start":{"line":41,"column":0},"end":{"line":41,"column":1}},"41":{"start":{"line":42,"column":0},"end":{"line":42,"column":0}},"42":{"start":{"line":43,"column":0},"end":{"line":43,"column":23}},"43":{"start":{"line":44,"column":0},"end":{"line":44,"column":14}},"44":{"start":{"line":45,"column":0},"end":{"line":45,"column":26}},"45":{"start":{"line":46,"column":0},"end":{"line":46,"column":25}},"46":{"start":{"line":47,"column":0},"end":{"line":47,"column":3}},"47":{"start":{"line":48,"column":0},"end":{"line":48,"column":39}},"48":{"start":{"line":49,"column":0},"end":{"line":49,"column":69}},"49":{"start":{"line":50,"column":0},"end":{"line":50,"column":51}},"50":{"start":{"line":51,"column":0},"end":{"line":51,"column":1}}},"s":{"0":1,"1":1,"2":1,"3":1,"4":12,"5":1,"6":1,"7":12,"8":1,"9":1,"10":12,"11":1,"12":1,"13":9,"14":12,"15":1,"16":1,"17":8,"18":8,"19":8,"20":12,"21":1,"22":9,"23":9,"24":9,"25":1,"26":9,"27":9,"28":9,"29":9,"30":1,"31":16,"32":16,"33":16,"34":176,"35":152,"36":152,"37":176,"38":16,"39":16,"40":16,"41":1,"42":8,"43":8,"44":8,"45":8,"46":8,"47":8,"48":8,"49":8,"50":8},"branchMap":{"0":{"type":"branch","line":4,"loc":{"start":{"line":4,"column":7},"end":{"line":21,"column":1}},"locations":[{"start":{"line":4,"column":7},"end":{"line":21,"column":1}}]},"1":{"type":"branch","line":5,"loc":{"start":{"line":5,"column":15},"end":{"line":7,"column":3}},"locations":[{"start":{"line":5,"column":15},"end":{"line":7,"column":3}}]},"2":{"type":"branch","line":7,"loc":{"start":{"line":7,"column":2},"end":{"line":8,"column":34}},"locations":[{"start":{"line":7,"column":2},"end":{"line":8,"column":34}}]},"3":{"type":"branch","line":8,"loc":{"start":{"line":8,"column":34},"end":{"line":10,"column":3}},"locations":[{"start":{"line":8,"column":34},"end":{"line":10,"column":3}}]},"4":{"type":"branch","line":10,"loc":{"start":{"line":10,"column":2},"end":{"line":11,"column":33}},"locations":[{"start":{"line":10,"column":2},"end":{"line":11,"column":33}}]},"5":{"type":"branch","line":11,"loc":{"start":{"line":11,"column":33},"end":{"line":13,"column":3}},"locations":[{"start":{"line":11,"column":33},"end":{"line":13,"column":3}}]},"6":{"type":"branch","line":13,"loc":{"start":{"line":13,"column":2},"end":{"line":15,"column":30}},"locations":[{"start":{"line":13,"column":2},"end":{"line":15,"column":30}}]},"7":{"type":"branch","line":15,"loc":{"start":{"line":15,"column":30},"end":{"line":17,"column":3}},"locations":[{"start":{"line":15,"column":30},"end":{"line":17,"column":3}}]},"8":{"type":"branch","line":17,"loc":{"start":{"line":17,"column":2},"end":{"line":21,"column":1}},"locations":[{"start":{"line":17,"column":2},"end":{"line":21,"column":1}}]},"9":{"type":"branch","line":21,"loc":{"start":{"line":21,"column":0},"end":{"line":21,"column":1}},"locations":[{"start":{"line":21,"column":0},"end":{"line":21,"column":1}}]},"10":{"type":"branch","line":23,"loc":{"start":{"line":23,"column":0},"end":{"line":25,"column":1}},"locations":[{"start":{"line":23,"column":0},"end":{"line":25,"column":1}}]},"11":{"type":"branch","line":27,"loc":{"start":{"line":27,"column":0},"end":{"line":30,"column":1}},"locations":[{"start":{"line":27,"column":0},"end":{"line":30,"column":1}}]},"12":{"type":"branch","line":29,"loc":{"start":{"line":29,"column":24},"end":{"line":29,"column":55}},"locations":[{"start":{"line":29,"column":24},"end":{"line":29,"column":55}}]},"13":{"type":"branch","line":32,"loc":{"start":{"line":32,"column":0},"end":{"line":41,"column":1}},"locations":[{"start":{"line":32,"column":0},"end":{"line":41,"column":1}}]},"14":{"type":"branch","line":34,"loc":{"start":{"line":34,"column":27},"end":{"line":38,"column":3}},"locations":[{"start":{"line":34,"column":27},"end":{"line":38,"column":3}}]},"15":{"type":"branch","line":35,"loc":{"start":{"line":35,"column":21},"end":{"line":37,"column":5}},"locations":[{"start":{"line":35,"column":21},"end":{"line":37,"column":5}}]},"16":{"type":"branch","line":40,"loc":{"start":{"line":40,"column":16},"end":{"line":40,"column":24}},"locations":[{"start":{"line":40,"column":16},"end":{"line":40,"column":24}}]},"17":{"type":"branch","line":40,"loc":{"start":{"line":40,"column":20},"end":{"line":40,"column":33}},"locations":[{"start":{"line":40,"column":20},"end":{"line":40,"column":33}}]},"18":{"type":"branch","line":43,"loc":{"start":{"line":43,"column":0},"end":{"line":51,"column":1}},"locations":[{"start":{"line":43,"column":0},"end":{"line":51,"column":1}}]}},"b":{"0":[12],"1":[1],"2":[11],"3":[1],"4":[10],"5":[1],"6":[9],"7":[1],"8":[8],"9":[12],"10":[9],"11":[9],"12":[27],"13":[16],"14":[176],"15":[152],"16":[8],"17":[8],"18":[8]},"fnMap":{"0":{"name":"validateCpf","decl":{"start":{"line":4,"column":7},"end":{"line":21,"column":1}},"loc":{"start":{"line":4,"column":7},"end":{"line":21,"column":1}},"line":4},"1":{"name":"get","decl":{"start":{"line":21,"column":0},"end":{"line":21,"column":1}},"loc":{"start":{"line":21,"column":0},"end":{"line":21,"column":1}},"line":21},"2":{"name":"clearCpf","decl":{"start":{"line":23,"column":0},"end":{"line":25,"column":1}},"loc":{"start":{"line":23,"column":0},"end":{"line":25,"column":1}},"line":23},"3":{"name":"isBlockedCpf","decl":{"start":{"line":27,"column":0},"end":{"line":30,"column":1}},"loc":{"start":{"line":27,"column":0},"end":{"line":30,"column":1}},"line":27},"4":{"name":"calculateCheckDigits","decl":{"start":{"line":32,"column":0},"end":{"line":41,"column":1}},"loc":{"start":{"line":32,"column":0},"end":{"line":41,"column":1}},"line":32},"5":{"name":"isCpfValidity","decl":{"start":{"line":43,"column":0},"end":{"line":51,"column":1}},"loc":{"start":{"line":43,"column":0},"end":{"line":51,"column":1}},"line":43}},"f":{"0":12,"1":12,"2":9,"3":9,"4":16,"5":8}}
}
